<?xml version="1.0" encoding="UTF-8"?>
<!-- Generated by org.testng.reporters.JUnitXMLReporter -->
<testsuite ignored="0" hostname="DESKTOP-S5MMF0I" failures="1" tests="1" name="TestOnEdge" time="23.893" errors="0" timestamp="2023-05-04T12:04:42 IST">
  <testcase classname="TestCases.E2E_OrderTest1" name="placeOrder" time="14.799">
    <failure type="junit.framework.ComparisonFailure" message="DemoUser expected:&amp;lt;DemoUser123&amp;gt; but was:&amp;lt;Invalid Username or password&amp;gt;">
      <![CDATA[junit.framework.ComparisonFailure: DemoUser expected:<DemoUser123> but was:<Invalid Username or password>
at junit.framework.Assert.assertEquals(Assert.java:81)
at TestCases.E2E_OrderTest1.placeOrder(E2E_OrderTest1.java:46)
at java.base/java.util.ArrayList.forEach(ArrayList.java:1511)
... Removed 27 stack frames]]>
    </failure>
  </testcase> <!-- placeOrder -->
</testsuite> <!-- TestOnEdge -->
